<?xml version="1.0" encoding="UTF-8"?>
<!-- Generated by org.testng.reporters.JUnitXMLReporter -->
<testsuite ignored="0" hostname="DESKTOP-7I3OCMO" failures="0" tests="8" name="Default test" time="114.214" errors="0" timestamp="2026-03-21T16:27:05 IST">
  <testcase classname="tests_for_element.RadioButtonsTest" name="clickOnClose" time="0.568"/>
  <testcase classname="tests_for_element.RadioButtonsTest" name="clickOnPractice" time="3.178"/>
  <testcase classname="tests_for_element.RadioButtonsTest" name="clickOnElements" time="6.447"/>
  <testcase classname="tests_for_element.RadioButtonsTest" name="clickOnRadioButtons" time="6.111"/>
  <testcase classname="tests_for_element.RadioButtonsTest" name="verifyYesRadioButtonsSelection" time="3.505"/>
  <testcase classname="tests_for_element.RadioButtonsTest" name="verifyImpressiveRadioButtonsSelection" time="4.937"/>
  <testcase classname="tests_for_element.RadioButtonsTest" name="verifyNoRadioButtonsSelection" time="4.033"/>
  <testcase classname="tests_for_element.RadioButtonsTest" name="verifyRadioButtonSelectionSwitches" time="7.311"/>
</testsuite> <!-- Default test -->
