<?xml version="1.0" encoding="UTF-8"?>
<!-- Generated by org.testng.reporters.JUnitXMLReporter -->
<testsuite ignored="0" hostname="DESKTOP-7I3OCMO" failures="0" tests="5" name="Default test" time="70.032" errors="0" timestamp="2026-03-19T00:03:06 IST">
  <testcase classname="tests_for_element.TextBoxTest" name="clickOnClose" time="1.466"/>
  <testcase classname="tests_for_element.TextBoxTest" name="clickOnPractice" time="4.195"/>
  <testcase classname="tests_for_element.TextBoxTest" name="clickOnElement" time="3.164"/>
  <testcase classname="tests_for_element.TextBoxTest" name="clickOnTextBox" time="6.138"/>
  <testcase classname="tests_for_element.TextBoxTest" name="fillTextBoxForm" time="15.205"/>
</testsuite> <!-- Default test -->
