<?xml version="1.0" encoding="UTF-8"?>
<testng-results ignored="0" total="3" passed="3" failed="0" skipped="0">
  <reporter-output>
  </reporter-output>
  <suite started-at="2026-03-11T02:15:50 IST" name="Default suite" finished-at="2026-03-11T02:16:24 IST" duration-ms="34726">
    <groups>
    </groups>
    <test started-at="2026-03-11T02:15:50 IST" name="Default test" finished-at="2026-03-11T02:16:24 IST" duration-ms="34726">
      <class name="tests_for_element.ElementTest">
        <test-method is-config="true" signature="setup()[pri:0, instance:tests_for_element.ElementTest@6bedbc4d]" started-at="2026-03-11T02:15:50 IST" name="setup" finished-at="2026-03-11T02:15:58 IST" duration-ms="7765" status="PASS">
          <reporter-output>
          </reporter-output>
        </test-method> <!-- setup -->
        <test-method is-config="true" signature="initPages()[pri:0, instance:tests_for_element.ElementTest@6bedbc4d]" started-at="2026-03-11T02:15:58 IST" name="initPages" finished-at="2026-03-11T02:15:58 IST" duration-ms="46" status="PASS">
          <reporter-output>
          </reporter-output>
        </test-method> <!-- initPages -->
        <test-method signature="clickOnClose()[pri:1, instance:tests_for_element.ElementTest@6bedbc4d]" started-at="2026-03-11T02:15:58 IST" name="clickOnClose" finished-at="2026-03-11T02:15:58 IST" duration-ms="344" status="PASS">
          <reporter-output>
          </reporter-output>
        </test-method> <!-- clickOnClose -->
        <test-method is-config="true" signature="tearDown(org.testng.ITestResult)[pri:0, instance:tests_for_element.ElementTest@6bedbc4d]" started-at="2026-03-11T02:15:58 IST" name="tearDown" finished-at="2026-03-11T02:15:59 IST" duration-ms="1039" status="PASS">
          <params>
            <param index="0">
              <value>
                <![CDATA[[TestResult name=clickOnClose status=SUCCESS method=ElementTest.clickOnClose()[pri:1, instance:tests_for_element.ElementTest@6bedbc4d] output={null}]]]>
              </value>
            </param>
          </params>
          <reporter-output>
          </reporter-output>
        </test-method> <!-- tearDown -->
        <test-method is-config="true" signature="setup()[pri:0, instance:tests_for_element.ElementTest@6bedbc4d]" started-at="2026-03-11T02:15:59 IST" name="setup" finished-at="2026-03-11T02:16:06 IST" duration-ms="7165" status="PASS">
          <reporter-output>
          </reporter-output>
        </test-method> <!-- setup -->
        <test-method is-config="true" signature="initPages()[pri:0, instance:tests_for_element.ElementTest@6bedbc4d]" started-at="2026-03-11T02:16:06 IST" name="initPages" finished-at="2026-03-11T02:16:06 IST" duration-ms="7" status="PASS">
          <reporter-output>
          </reporter-output>
        </test-method> <!-- initPages -->
        <test-method signature="clickOnPractice()[pri:2, instance:tests_for_element.ElementTest@6bedbc4d]" started-at="2026-03-11T02:16:06 IST" name="clickOnPractice" finished-at="2026-03-11T02:16:11 IST" duration-ms="4404" status="PASS">
          <reporter-output>
          </reporter-output>
        </test-method> <!-- clickOnPractice -->
        <test-method is-config="true" signature="tearDown(org.testng.ITestResult)[pri:0, instance:tests_for_element.ElementTest@6bedbc4d]" started-at="2026-03-11T02:16:11 IST" name="tearDown" finished-at="2026-03-11T02:16:11 IST" duration-ms="744" status="PASS">
          <params>
            <param index="0">
              <value>
                <![CDATA[[TestResult name=clickOnPractice status=SUCCESS method=ElementTest.clickOnPractice()[pri:2, instance:tests_for_element.ElementTest@6bedbc4d] output={null}]]]>
              </value>
            </param>
          </params>
          <reporter-output>
          </reporter-output>
        </test-method> <!-- tearDown -->
        <test-method is-config="true" signature="setup()[pri:0, instance:tests_for_element.ElementTest@6bedbc4d]" started-at="2026-03-11T02:16:11 IST" name="setup" finished-at="2026-03-11T02:16:20 IST" duration-ms="8182" status="PASS">
          <reporter-output>
          </reporter-output>
        </test-method> <!-- setup -->
        <test-method is-config="true" signature="initPages()[pri:0, instance:tests_for_element.ElementTest@6bedbc4d]" started-at="2026-03-11T02:16:20 IST" name="initPages" finished-at="2026-03-11T02:16:20 IST" duration-ms="2" status="PASS">
          <reporter-output>
          </reporter-output>
        </test-method> <!-- initPages -->
        <test-method signature="clickOnElements()[pri:3, instance:tests_for_element.ElementTest@6bedbc4d]" started-at="2026-03-11T02:16:20 IST" name="clickOnElements" finished-at="2026-03-11T02:16:23 IST" duration-ms="3975" status="PASS">
          <reporter-output>
          </reporter-output>
        </test-method> <!-- clickOnElements -->
        <test-method is-config="true" signature="tearDown(org.testng.ITestResult)[pri:0, instance:tests_for_element.ElementTest@6bedbc4d]" started-at="2026-03-11T02:16:23 IST" name="tearDown" finished-at="2026-03-11T02:16:24 IST" duration-ms="919" status="PASS">
          <params>
            <param index="0">
              <value>
                <![CDATA[[TestResult name=clickOnElements status=SUCCESS method=ElementTest.clickOnElements()[pri:3, instance:tests_for_element.ElementTest@6bedbc4d] output={null}]]]>
              </value>
            </param>
          </params>
          <reporter-output>
          </reporter-output>
        </test-method> <!-- tearDown -->
      </class> <!-- tests_for_element.ElementTest -->
    </test> <!-- Default test -->
  </suite> <!-- Default suite -->
</testng-results>
