<?xml version="1.0" encoding="UTF-8"?>
<!-- Generated by org.testng.reporters.JUnitReportReporter -->
<testsuite hostname="DESKTOP-7I3OCMO" failures="0" tests="5" name="tests_for_element.TextBoxTest" time="69.833" errors="0" timestamp="2026-03-19T00:03:06 IST" skipped="0">
  <testcase classname="tests_for_element.TextBoxTest" name="clickOnClose" time="7.783"/>
  <testcase classname="tests_for_element.TextBoxTest" name="clickOnPractice" time="9.951"/>
  <testcase classname="tests_for_element.TextBoxTest" name="clickOnElement" time="11.599"/>
  <testcase classname="tests_for_element.TextBoxTest" name="clickOnTextBox" time="14.832"/>
  <testcase classname="tests_for_element.TextBoxTest" name="fillTextBoxForm" time="25.668"/>
</testsuite> <!-- tests_for_element.TextBoxTest -->
