<?xml version="1.0" encoding="UTF-8"?>
<!-- Generated by org.testng.reporters.JUnitReportReporter -->
<testsuite hostname="DESKTOP-7I3OCMO" failures="0" tests="3" name="tests_for_element.ElementTest" time="34.592" errors="0" timestamp="2026-03-11T02:16:25 IST" skipped="0">
  <testcase classname="tests_for_element.ElementTest" name="clickOnClose" time="9.567"/>
  <testcase classname="tests_for_element.ElementTest" name="clickOnPractice" time="12.959"/>
  <testcase classname="tests_for_element.ElementTest" name="clickOnElements" time="12.066"/>
</testsuite> <!-- tests_for_element.ElementTest -->
