<?xml version="1.0" encoding="UTF-8"?>
<!-- Generated by org.testng.reporters.JUnitReportReporter -->
<testsuite hostname="DESKTOP-7I3OCMO" failures="0" tests="8" name="tests_for_element.RadioButtonsTest" time="113.948" errors="0" timestamp="2026-03-21T16:27:06 IST" skipped="0">
  <testcase classname="tests_for_element.RadioButtonsTest" name="clickOnClose" time="9.346"/>
  <testcase classname="tests_for_element.RadioButtonsTest" name="clickOnPractice" time="9.342"/>
  <testcase classname="tests_for_element.RadioButtonsTest" name="clickOnElements" time="16.921"/>
  <testcase classname="tests_for_element.RadioButtonsTest" name="clickOnRadioButtons" time="14.946"/>
  <testcase classname="tests_for_element.RadioButtonsTest" name="verifyYesRadioButtonsSelection" time="14.301"/>
  <testcase classname="tests_for_element.RadioButtonsTest" name="verifyImpressiveRadioButtonsSelection" time="13.009"/>
  <testcase classname="tests_for_element.RadioButtonsTest" name="verifyNoRadioButtonsSelection" time="16.258"/>
  <testcase classname="tests_for_element.RadioButtonsTest" name="verifyRadioButtonSelectionSwitches" time="19.825"/>
</testsuite> <!-- tests_for_element.RadioButtonsTest -->
