<?xml version="1.0" encoding="UTF-8"?>
<!-- Generated by org.testng.reporters.JUnitReportReporter -->
<testsuite hostname="DESKTOP-7I3OCMO" failures="0" tests="6" name="tests_for_element.TextBoxTest" time="82.333" errors="0" timestamp="2026-03-19T00:50:54 IST" skipped="0">
  <testcase classname="tests_for_element.TextBoxTest" name="clickOnClose" time="6.594"/>
  <testcase classname="tests_for_element.TextBoxTest" name="clickOnPractice" time="11.175"/>
  <testcase classname="tests_for_element.TextBoxTest" name="clickOnElement" time="14.123"/>
  <testcase classname="tests_for_element.TextBoxTest" name="clickOnTextBox" time="12.597"/>
  <testcase classname="tests_for_element.TextBoxTest" name="fillTextBoxForm" time="23.095"/>
  <testcase classname="tests_for_element.TextBoxTest" name="clickOnSubmit" time="14.749"/>
</testsuite> <!-- tests_for_element.TextBoxTest -->
